22:37:16.636 [main] INFO  testCases.TC_001_AccountRegistrationTest - Clicked on Continue Button
22:37:17.467 [main] INFO  testCases.TC_001_AccountRegistrationTest - Validating on Excepted Message
22:37:17.467 [main] INFO  testCases.TC_001_AccountRegistrationTest - *** Ending TC_001_AccountRegistrationTest ***
22:37:22.300 [main] INFO  testCases.TC_002_LoginTest - *** Starting TC_002_LoginTest ***
22:37:22.535 [main] INFO  testCases.TC_002_LoginTest - *** Clicked on My Account ***
22:37:23.217 [main] INFO  testCases.TC_002_LoginTest - *** Clicked on Login Link ***
22:37:23.221 [main] INFO  testCases.TC_002_LoginTest - *** Providing Login Details ***
22:37:23.836 [main] INFO  testCases.TC_002_LoginTest - *** Clicked on Login Button ***
22:37:24.591 [main] INFO  testCases.TC_002_LoginTest - *** Confirmation on Target Page ***
22:37:25.058 [main] INFO  testCases.TC_002_LoginTest - *** Clicked on Login Button ***
22:37:25.058 [main] INFO  testCases.TC_002_LoginTest - *** Ending TC_002_LoginTest ***
15:01:24.563 [main] INFO  testCases.TC_001_AccountRegistrationTest - *** Starting TC_001_AccountRegistrationTest ***
15:01:24.811 [main] INFO  testCases.TC_001_AccountRegistrationTest - Clicked on My Account
15:01:25.577 [main] INFO  testCases.TC_001_AccountRegistrationTest - Clicked on Register Link
15:01:25.581 [main] INFO  testCases.TC_001_AccountRegistrationTest - Providing Customer Data
15:01:26.484 [main] INFO  testCases.TC_001_AccountRegistrationTest - Clicked on Continue Button
15:01:27.342 [main] INFO  testCases.TC_001_AccountRegistrationTest - Validating on Excepted Message
15:01:27.342 [main] INFO  testCases.TC_001_AccountRegistrationTest - *** Ending TC_001_AccountRegistrationTest ***
15:01:31.673 [main] INFO  testCases.TC_002_LoginTest - *** Starting TC_002_LoginTest ***
15:01:31.878 [main] INFO  testCases.TC_002_LoginTest - *** Clicked on My Account ***
15:01:32.642 [main] INFO  testCases.TC_002_LoginTest - *** Clicked on Login Link ***
15:01:32.679 [main] INFO  testCases.TC_002_LoginTest - *** Providing Login Details ***
15:01:33.233 [main] INFO  testCases.TC_002_LoginTest - *** Clicked on Login Button ***
15:01:33.935 [main] INFO  testCases.TC_002_LoginTest - *** Confirmation on Target Page ***
15:01:34.398 [main] INFO  testCases.TC_002_LoginTest - *** Clicked on Login Button ***
15:01:34.398 [main] INFO  testCases.TC_002_LoginTest - *** Ending TC_002_LoginTest ***
15:02:01.062 [main] INFO  testCases.TC_001_AccountRegistrationTest - *** Starting TC_001_AccountRegistrationTest ***
15:02:01.308 [main] INFO  testCases.TC_001_AccountRegistrationTest - Clicked on My Account
15:02:01.975 [main] INFO  testCases.TC_001_AccountRegistrationTest - Clicked on Register Link
15:02:01.982 [main] INFO  testCases.TC_001_AccountRegistrationTest - Providing Customer Data
15:02:02.804 [main] INFO  testCases.TC_001_AccountRegistrationTest - Clicked on Continue Button
15:02:03.684 [main] INFO  testCases.TC_001_AccountRegistrationTest - Validating on Excepted Message
15:02:03.684 [main] INFO  testCases.TC_001_AccountRegistrationTest - *** Ending TC_001_AccountRegistrationTest ***
15:02:07.680 [main] INFO  testCases.TC_002_LoginTest - *** Starting TC_002_LoginTest ***
15:02:07.880 [main] INFO  testCases.TC_002_LoginTest - *** Clicked on My Account ***
15:02:08.489 [main] INFO  testCases.TC_002_LoginTest - *** Clicked on Login Link ***
15:02:08.492 [main] INFO  testCases.TC_002_LoginTest - *** Providing Login Details ***
15:02:08.987 [main] INFO  testCases.TC_002_LoginTest - *** Clicked on Login Button ***
15:02:09.623 [main] INFO  testCases.TC_002_LoginTest - *** Confirmation on Target Page ***
15:02:10.053 [main] INFO  testCases.TC_002_LoginTest - *** Clicked on Login Button ***
15:02:10.053 [main] INFO  testCases.TC_002_LoginTest - *** Ending TC_002_LoginTest ***
15:05:19.738 [main] INFO  testCases.TC_001_AccountRegistrationTest - *** Starting TC_001_AccountRegistrationTest ***
15:05:20.287 [main] INFO  testCases.TC_001_AccountRegistrationTest - Clicked on My Account
15:05:21.089 [main] INFO  testCases.TC_001_AccountRegistrationTest - Clicked on Register Link
15:05:21.094 [main] INFO  testCases.TC_001_AccountRegistrationTest - Providing Customer Data
15:05:22.097 [main] INFO  testCases.TC_001_AccountRegistrationTest - Clicked on Continue Button
15:05:23.219 [main] INFO  testCases.TC_001_AccountRegistrationTest - Validating on Excepted Message
15:05:23.219 [main] INFO  testCases.TC_001_AccountRegistrationTest - *** Ending TC_001_AccountRegistrationTest ***
15:05:29.092 [main] INFO  testCases.TC_002_LoginTest - *** Starting TC_002_LoginTest ***
15:05:29.288 [main] INFO  testCases.TC_002_LoginTest - *** Clicked on My Account ***
15:05:30.009 [main] INFO  testCases.TC_002_LoginTest - *** Clicked on Login Link ***
15:05:30.013 [main] INFO  testCases.TC_002_LoginTest - *** Providing Login Details ***
15:05:30.620 [main] INFO  testCases.TC_002_LoginTest - *** Clicked on Login Button ***
15:05:31.443 [main] INFO  testCases.TC_002_LoginTest - *** Confirmation on Target Page ***
15:05:31.971 [main] INFO  testCases.TC_002_LoginTest - *** Clicked on Login Button ***
15:05:31.971 [main] INFO  testCases.TC_002_LoginTest - *** Ending TC_002_LoginTest ***
19:01:28.463 [main] INFO  testCases.TC_001_AccountRegistrationTest - *** Starting TC_001_AccountRegistrationTest ***
19:01:28.734 [main] INFO  testCases.TC_001_AccountRegistrationTest - Clicked on My Account
19:01:29.648 [main] INFO  testCases.TC_001_AccountRegistrationTest - Clicked on Register Link
19:01:29.653 [main] INFO  testCases.TC_001_AccountRegistrationTest - Providing Customer Data
19:01:30.562 [main] INFO  testCases.TC_001_AccountRegistrationTest - Clicked on Continue Button
19:01:31.409 [main] INFO  testCases.TC_001_AccountRegistrationTest - Validating on Excepted Message
19:01:31.409 [main] INFO  testCases.TC_001_AccountRegistrationTest - *** Ending TC_001_AccountRegistrationTest ***
19:01:36.470 [main] INFO  testCases.TC_002_LoginTest - *** Starting TC_002_LoginTest ***
19:01:36.657 [main] INFO  testCases.TC_002_LoginTest - *** Clicked on My Account ***
19:01:37.516 [main] INFO  testCases.TC_002_LoginTest - *** Clicked on Login Link ***
19:01:37.527 [main] INFO  testCases.TC_002_LoginTest - *** Providing Login Details ***
19:01:38.093 [main] INFO  testCases.TC_002_LoginTest - *** Clicked on Login Button ***
19:01:38.845 [main] INFO  testCases.TC_002_LoginTest - *** Confirmation on Target Page ***
19:01:39.435 [main] INFO  testCases.TC_002_LoginTest - *** Clicked on Login Button ***
19:01:39.436 [main] INFO  testCases.TC_002_LoginTest - *** Ending TC_002_LoginTest ***
10:22:23.161 [main] INFO  testCases.TC_001_AccountRegistrationTest - *** Starting TC_001_AccountRegistrationTest ***
10:22:23.470 [main] INFO  testCases.TC_001_AccountRegistrationTest - Clicked on My Account
10:22:24.257 [main] INFO  testCases.TC_001_AccountRegistrationTest - Clicked on Register Link
10:22:24.261 [main] INFO  testCases.TC_001_AccountRegistrationTest - Providing Customer Data
10:22:25.479 [main] INFO  testCases.TC_001_AccountRegistrationTest - Clicked on Continue Button
10:22:26.359 [main] INFO  testCases.TC_001_AccountRegistrationTest - Validating on Excepted Message
10:22:26.363 [main] INFO  testCases.TC_001_AccountRegistrationTest - *** Ending TC_001_AccountRegistrationTest ***
10:22:32.082 [main] INFO  testCases.TC_002_LoginTest - *** Starting TC_002_LoginTest ***
10:22:32.278 [main] INFO  testCases.TC_002_LoginTest - *** Clicked on My Account ***
10:22:32.881 [main] INFO  testCases.TC_002_LoginTest - *** Clicked on Login Link ***
10:22:32.901 [main] INFO  testCases.TC_002_LoginTest - *** Providing Login Details ***
10:22:33.367 [main] INFO  testCases.TC_002_LoginTest - *** Clicked on Login Button ***
10:22:34.033 [main] INFO  testCases.TC_002_LoginTest - *** Confirmation on Target Page ***
10:22:34.533 [main] INFO  testCases.TC_002_LoginTest - *** Clicked on Login Button ***
10:22:34.533 [main] INFO  testCases.TC_002_LoginTest - *** Ending TC_002_LoginTest ***
10:23:04.273 [main] INFO  testCases.TC_001_AccountRegistrationTest - *** Starting TC_001_AccountRegistrationTest ***
10:23:04.573 [main] INFO  testCases.TC_001_AccountRegistrationTest - Clicked on My Account
10:23:05.299 [main] INFO  testCases.TC_001_AccountRegistrationTest - Clicked on Register Link
10:23:05.311 [main] INFO  testCases.TC_001_AccountRegistrationTest - Providing Customer Data
10:23:06.167 [main] INFO  testCases.TC_001_AccountRegistrationTest - Clicked on Continue Button
10:23:06.959 [main] INFO  testCases.TC_001_AccountRegistrationTest - Validating on Excepted Message
10:23:06.959 [main] INFO  testCases.TC_001_AccountRegistrationTest - *** Ending TC_001_AccountRegistrationTest ***
10:23:10.828 [main] INFO  testCases.TC_002_LoginTest - *** Starting TC_002_LoginTest ***
10:23:11.037 [main] INFO  testCases.TC_002_LoginTest - *** Clicked on My Account ***
10:23:11.628 [main] INFO  testCases.TC_002_LoginTest - *** Clicked on Login Link ***
10:23:11.632 [main] INFO  testCases.TC_002_LoginTest - *** Providing Login Details ***
10:23:12.063 [main] INFO  testCases.TC_002_LoginTest - *** Clicked on Login Button ***
10:23:12.703 [main] INFO  testCases.TC_002_LoginTest - *** Confirmation on Target Page ***
10:23:13.178 [main] INFO  testCases.TC_002_LoginTest - *** Clicked on Login Button ***
10:23:13.178 [main] INFO  testCases.TC_002_LoginTest - *** Ending TC_002_LoginTest ***
11:58:52.508 [main] INFO  testCases.TC_001_AccountRegistrationTest - *** Starting TC_001_AccountRegistrationTest ***
11:58:53.507 [main] INFO  testCases.TC_001_AccountRegistrationTest - Clicked on My Account
11:58:54.656 [main] INFO  testCases.TC_001_AccountRegistrationTest - Clicked on Register Link
11:58:54.665 [main] INFO  testCases.TC_001_AccountRegistrationTest - Providing Customer Data
11:58:56.791 [main] INFO  testCases.TC_001_AccountRegistrationTest - Clicked on Continue Button
11:58:57.620 [main] INFO  testCases.TC_001_AccountRegistrationTest - Validating on Excepted Message
11:58:57.620 [main] INFO  testCases.TC_001_AccountRegistrationTest - *** Ending TC_001_AccountRegistrationTest ***
11:59:02.688 [main] INFO  testCases.TC_002_LoginTest - *** Starting TC_002_LoginTest ***
11:59:02.867 [main] INFO  testCases.TC_002_LoginTest - *** Clicked on My Account ***
11:59:03.726 [main] INFO  testCases.TC_002_LoginTest - *** Clicked on Login Link ***
11:59:03.731 [main] INFO  testCases.TC_002_LoginTest - *** Providing Login Details ***
11:59:04.249 [main] INFO  testCases.TC_002_LoginTest - *** Clicked on Login Button ***
11:59:04.901 [main] INFO  testCases.TC_002_LoginTest - *** Confirmation on Target Page ***
11:59:05.406 [main] INFO  testCases.TC_002_LoginTest - *** Clicked on Login Button ***
11:59:05.407 [main] INFO  testCases.TC_002_LoginTest - *** Ending TC_002_LoginTest ***
10:21:54.651 [main] INFO  testCases.TC_001_AccountRegistrationTest - *** Starting TC_001_AccountRegistrationTest ***
10:21:55.048 [main] INFO  testCases.TC_001_AccountRegistrationTest - Clicked on My Account
10:21:56.066 [main] INFO  testCases.TC_001_AccountRegistrationTest - Clicked on Register Link
10:21:56.079 [main] INFO  testCases.TC_001_AccountRegistrationTest - Providing Customer Data
10:21:57.149 [main] INFO  testCases.TC_001_AccountRegistrationTest - Clicked on Continue Button
10:21:58.104 [main] INFO  testCases.TC_001_AccountRegistrationTest - Validating on Excepted Message
10:21:58.105 [main] INFO  testCases.TC_001_AccountRegistrationTest - *** Ending TC_001_AccountRegistrationTest ***
10:22:03.419 [main] INFO  testCases.TC_002_LoginTest - *** Starting TC_002_LoginTest ***
10:22:03.665 [main] INFO  testCases.TC_002_LoginTest - *** Clicked on My Account ***
10:22:04.464 [main] INFO  testCases.TC_002_LoginTest - *** Clicked on Login Link ***
10:22:04.472 [main] INFO  testCases.TC_002_LoginTest - *** Providing Login Details ***
10:22:05.094 [main] INFO  testCases.TC_002_LoginTest - *** Clicked on Login Button ***
10:22:05.878 [main] INFO  testCases.TC_002_LoginTest - *** Confirmation on Target Page ***
10:22:06.382 [main] INFO  testCases.TC_002_LoginTest - *** Clicked on Login Button ***
10:22:06.382 [main] INFO  testCases.TC_002_LoginTest - *** Ending TC_002_LoginTest ***
15:55:11.464 [main] INFO  testCases.TC_004_LoginTest_RobotClass - *** Starting TC_004_LoginTest_RobotClass ***
15:55:11.903 [main] INFO  testCases.TC_004_LoginTest_RobotClass - *** Clicked on My Account ***
15:55:12.749 [main] INFO  testCases.TC_004_LoginTest_RobotClass - *** Clicked on Login Link ***
15:55:12.754 [main] INFO  testCases.TC_004_LoginTest_RobotClass - *** Providing Login Details ***
16:22:44.600 [main] INFO  testCases.TC_004_LoginTest_RobotClass - *** Starting TC_004_LoginTest_RobotClass ***
16:22:45.004 [main] INFO  testCases.TC_004_LoginTest_RobotClass - *** Clicked on My Account ***
16:22:46.219 [main] INFO  testCases.TC_004_LoginTest_RobotClass - *** Clicked on Login Link ***
16:22:46.224 [main] INFO  testCases.TC_004_LoginTest_RobotClass - *** Providing Login Details ***
16:22:46.807 [main] INFO  testCases.TC_004_LoginTest_RobotClass - *** Clicked on Login Button ***
16:45:17.097 [main] INFO  testCases.TC_004_LoginTest_RobotClass - *** Starting TC_004_LoginTest_RobotClass ***
16:45:17.402 [main] INFO  testCases.TC_004_LoginTest_RobotClass - *** Clicked on My Account ***
16:45:18.653 [main] INFO  testCases.TC_004_LoginTest_RobotClass - *** Clicked on Login Link ***
16:45:18.657 [main] INFO  testCases.TC_004_LoginTest_RobotClass - *** Providing Login Details ***
